\BOOKMARK [1][-]{section.1}{\376\377\060\157\060\130\060\201\060\153}{}% 1
\BOOKMARK [1][-]{section.2}{\376\377\225\242\220\043\170\024\172\166}{}% 2
\BOOKMARK [2][-]{subsection.2.1}{\376\377\060\242\060\353\060\264\060\352\060\272\060\340\060\156\133\146\177\322\145\057\143\364}{section.2}% 3
\BOOKMARK [3][-]{subsubsection.2.1.1}{\376\377\060\275\060\374\060\271\060\263\060\374\060\311\060\222\165\050\060\104\060\213\133\146\177\322\145\057\143\364}{subsection.2.1}% 4
\BOOKMARK [3][-]{subsubsection.2.1.2}{\376\377\060\275\060\374\060\271\060\263\060\374\060\311\060\222\165\050\060\104\060\152\060\104\133\146\177\322\145\057\143\364}{subsection.2.1}% 5
\BOOKMARK [2][-]{subsection.2.2}{\376\377\060\252\060\363\060\351\060\244\060\363\060\270\060\343\060\303\060\270\060\267\060\271\060\306\060\340\060\156\155\073\165\050}{section.2}% 6
\BOOKMARK [3][-]{subsubsection.2.2.1}{\376\377\060\252\060\363\060\351\060\244\060\363\060\270\060\343\060\303\060\270\060\267\060\271\060\306\060\340\060\150\060\157}{subsection.2.2}% 7
\BOOKMARK [3][-]{subsubsection.2.2.2}{\376\377\213\033\177\251\060\153\060\112\060\121\060\213\155\073\165\050}{subsection.2.2}% 8
\BOOKMARK [2][-]{subsection.2.3}{\376\377\125\117\230\114\160\271}{section.2}% 9
\BOOKMARK [1][-]{section.3}{\376\377\133\237\226\233\060\156\060\252\060\363\060\351\060\244\060\363\060\270\060\343\060\303\060\270\060\267\060\271\060\306\060\340\060\156\155\073\165\050\117\213}{}% 10
\BOOKMARK [2][-]{subsection.3.1}{\376\377\000A\000t\000C\000o\000d\000e\000r\060\150\060\157}{section.3}% 11
\BOOKMARK [2][-]{subsection.3.2}{\376\377\172\366\142\200\060\327\060\355\060\260\060\351\060\337\060\363\060\260\060\150\060\157}{section.3}% 12
\BOOKMARK [2][-]{subsection.3.3}{\376\377\000A\000t\000C\000o\000d\000e\000r\060\156\060\263\060\363\060\306\060\271\060\310}{section.3}% 13
\BOOKMARK [2][-]{subsection.3.4}{\376\377\000A\000t\000C\000o\000d\000e\000r\060\153\060\112\060\121\060\213\060\252\060\363\060\351\060\244\060\363\060\270\060\343\060\303\060\270\060\267\060\271\060\306\060\340\060\156\122\051\165\050}{section.3}% 14
\BOOKMARK [2][-]{subsection.3.5}{\376\377\060\252\060\363\060\351\060\244\060\363\060\270\060\343\060\303\060\270\060\267\060\271\060\306\060\340\060\153\060\210\060\213\133\237\210\114\117\213}{section.3}% 15
\BOOKMARK [1][-]{section.4}{\376\377\060\242\060\353\060\264\060\352\060\272\060\340\133\146\177\322\145\131\147\120\060\153\060\144\060\104\060\146}{}% 16
\BOOKMARK [2][-]{subsection.4.1}{\376\377\060\327\060\355\060\260\060\351\060\337\060\363\060\260\060\222\124\053\060\176\060\152\060\104\133\146\177\322\145\131\147\120}{section.4}% 17
\BOOKMARK [2][-]{subsection.4.2}{\376\377\060\327\060\355\060\260\060\351\060\337\060\363\060\260\060\222\124\053\060\200\133\146\177\322\145\131\147\120}{section.4}% 18
\BOOKMARK [1][-]{section.5}{\376\377\117\134\142\020\060\127\060\137\145\131\147\120\060\153\060\144\060\104\060\146}{}% 19
\BOOKMARK [2][-]{subsection.5.1}{\376\377\133\376\214\141\060\150\060\131\060\213\133\146\177\322\200\005}{section.5}% 20
\BOOKMARK [2][-]{subsection.5.2}{\376\377\166\356\166\204\060\150\060\131\060\213\122\051\165\050\145\271\154\325}{section.5}% 21
\BOOKMARK [2][-]{subsection.5.3}{\376\377\122\060\220\124\166\356\152\031}{section.5}% 22
\BOOKMARK [2][-]{subsection.5.4}{\376\377\230\114\147\120\060\150\060\127\060\137\060\242\060\353\060\264\060\352\060\272\060\340}{section.5}% 23
\BOOKMARK [3][-]{subsubsection.5.4.1}{\376\377\122\325\166\204\212\010\165\073\154\325\060\150\060\157}{subsection.5.4}% 24
\BOOKMARK [2][-]{subsection.5.5}{\376\377\122\051\165\050\164\260\130\203}{section.5}% 25
\BOOKMARK [3][-]{subsubsection.5.5.1}{\376\377\000T\000e\000c\000h\000F\000U\000L\060\150\060\157}{subsection.5.5}% 26
\BOOKMARK [2][-]{subsection.5.6}{\376\377\122\051\165\050\060\131\060\213\212\000\212\236}{section.5}% 27
\BOOKMARK [2][-]{subsection.5.7}{\376\377\145\131\147\120\060\156\151\313\142\020}{section.5}% 28
\BOOKMARK [3][-]{subsubsection.5.7.1}{\376\377\134\016\121\145\000\040\122\325\166\204\212\010\165\073\154\325\060\150\060\157}{subsection.5.7}% 29
\BOOKMARK [3][-]{subsubsection.5.7.2}{\376\377\0001\172\340\000\040\122\325\166\204\212\010\165\073\154\325\060\156\200\003\060\110\145\271}{subsection.5.7}% 30
\BOOKMARK [3][-]{subsubsection.5.7.3}{\376\377\0002\172\340\000\040\145\160\137\017\060\222\060\327\060\355\060\260\060\351\060\337\060\363\060\260\060\131\060\213}{subsection.5.7}% 31
\BOOKMARK [2][-]{subsection.5.8}{\376\377\133\237\226\233\060\156\220\113\165\050\137\142\137\017}{section.5}% 32
\BOOKMARK [3][-]{subsubsection.5.8.1}{\376\377\000C\212\000\212\236\162\110\060\273\060\257\060\267\060\347\060\363}{subsection.5.8}% 33
\BOOKMARK [3][-]{subsubsection.5.8.2}{\376\377\116\326\212\000\212\236\162\110\060\273\060\257\060\267\060\347\060\363}{subsection.5.8}% 34
\BOOKMARK [1][-]{section.6}{\376\377\060\112\060\217\060\212\060\153}{}% 35
\BOOKMARK [1][-]{section*.2}{\376\377\213\035\217\236}{}% 36
\BOOKMARK [1][-]{appendix.A}{\376\377\117\134\142\020\060\127\060\137\145\131\147\120}{}% 37
\BOOKMARK [2][-]{subsection.A.1}{\376\377\122\325\166\204\212\010\165\073\154\325\060\150\060\157}{appendix.A}% 38
\BOOKMARK [2][-]{subsection.A.2}{\376\377\122\325\166\204\212\010\165\073\154\325\060\156\200\003\060\110\145\271}{appendix.A}% 39
\BOOKMARK [3][-]{subsubsection.A.2.1}{\376\377\134\016\121\145\000\040\117\213\230\114\000\050\175\332\137\142\143\242\175\042\125\117\230\114\000\051\060\156\175\071\116\313}{subsection.A.2}% 40
\BOOKMARK [3][-]{subsubsection.A.2.2}{\376\377\220\350\122\006\125\117\230\114\060\153\122\006\060\121\060\213}{subsection.A.2}% 41
\BOOKMARK [3][-]{subsubsection.A.2.3}{\376\377\0002\145\160\060\156\153\324\217\003}{subsection.A.2}% 42
\BOOKMARK [3][-]{subsubsection.A.2.4}{\376\377\125\117\230\114\060\156\211\343\212\254}{subsection.A.2}% 43
\BOOKMARK [3][-]{subsubsection.A.2.5}{\376\377\000G\000i\000s\000t\060\156\211\343\173\124\117\213}{subsection.A.2}% 44
\BOOKMARK [3][-]{subsubsection.A.2.6}{\376\377\212\010\173\227\175\120\147\234\060\222\060\341\060\342\060\131\060\213}{subsection.A.2}% 45
\BOOKMARK [3][-]{subsubsection.A.2.7}{\376\377\125\117\230\114\060\222\211\343\060\117}{subsection.A.2}% 46
\BOOKMARK [3][-]{subsubsection.A.2.8}{\376\377\145\160\122\027\121\205\060\156\147\000\131\047\060\156\145\160\060\156\121\372\122\233}{subsection.A.2}% 47
\BOOKMARK [3][-]{subsubsection.A.2.9}{\376\377\125\117\230\114\060\156\211\343\212\254}{subsection.A.2}% 48
\BOOKMARK [3][-]{subsubsection.A.2.10}{\376\377\000G\000i\000s\000t\060\156\211\343\173\124\117\213}{subsection.A.2}% 49
\BOOKMARK [3][-]{subsubsection.A.2.11}{\376\377\212\010\173\227\175\120\147\234\060\222\060\341\060\342\060\131\060\213\141\017\124\163}{subsection.A.2}% 50
\BOOKMARK [2][-]{subsection.A.3}{\376\377\145\160\137\017\060\222\060\327\060\355\060\260\060\351\060\337\060\363\060\260\060\131\060\213}{appendix.A}% 51
\BOOKMARK [3][-]{subsubsection.A.3.1}{\376\377\134\016\121\145\000\040\117\213\230\114\000\050\060\325\060\243\060\334\060\312\060\303\060\301\145\160\122\027\000\051\060\156\175\071\116\313}{subsection.A.3}% 52
\BOOKMARK [3][-]{subsubsection.A.3.2}{\376\377\212\010\173\227\221\317\060\222\200\003\060\110\060\213}{subsection.A.3}% 53
\BOOKMARK [3][-]{subsubsection.A.3.3}{\376\377\157\070\123\026\137\017\060\222\060\327\060\355\060\260\060\351\060\337\060\363\060\260\060\131\060\213}{subsection.A.3}% 54
\BOOKMARK [3][-]{subsubsection.A.3.4}{\376\377\060\325\060\243\060\334\060\312\060\303\060\301\145\160\122\027}{subsection.A.3}% 55
\BOOKMARK [3][-]{subsubsection.A.3.5}{\376\377\125\117\230\114\060\156\211\343\212\254}{subsection.A.3}% 56
\BOOKMARK [3][-]{subsubsection.A.3.6}{\376\377\000G\000i\000s\000t\060\156\211\343\173\124\117\213}{subsection.A.3}% 57
\BOOKMARK [3][-]{subsubsection.A.3.7}{\376\377\060\310\060\352\060\334\060\312\060\303\060\301\145\160\122\027}{subsection.A.3}% 58
\BOOKMARK [3][-]{subsubsection.A.3.8}{\376\377\125\117\230\114\060\156\211\343\212\254}{subsection.A.3}% 59
\BOOKMARK [3][-]{subsubsection.A.3.9}{\376\377\000G\000i\000s\000t\060\156\211\343\173\124\117\213}{subsection.A.3}% 60
\BOOKMARK [1][-]{appendix.B}{\376\377\000C\212\000\212\236\162\110\060\273\060\303\060\267\060\347\060\363\060\147\217\375\122\240\060\127\060\137\230\005\166\356}{}% 61
\BOOKMARK [2][-]{subsection.B.1}{\376\377\060\157\060\130\060\201\060\153}{appendix.B}% 62
\BOOKMARK [2][-]{subsection.B.2}{\376\377\000C\212\000\212\236\121\145\121\372\122\233\060\301\060\374\060\310\060\267\060\374\060\310}{appendix.B}% 63
\BOOKMARK [2][-]{subsection.B.3}{\376\377\131\047\060\115\060\104\145\160\000\040\122\035\147\037\060\327\060\355\060\260\060\351\060\340}{appendix.B}% 64
\BOOKMARK [2][-]{subsection.B.4}{\376\377\147\000\131\047\060\156\145\160\000\040\122\035\147\037\060\327\060\355\060\260\060\351\060\340}{appendix.B}% 65
\BOOKMARK [2][-]{subsection.B.5}{\376\377\060\325\060\243\060\334\060\312\060\303\060\301\145\160\122\027\000\040\122\035\147\037\060\327\060\355\060\260\060\351\060\340}{appendix.B}% 66
\BOOKMARK [2][-]{subsection.B.6}{\376\377\060\310\060\352\060\334\060\312\060\303\060\301\145\160\122\027\000\040\122\035\147\037\060\327\060\355\060\260\060\351\060\340}{appendix.B}% 67
\BOOKMARK [2][-]{subsection.B.7}{\376\377\060\125\060\104\060\124\060\153}{appendix.B}% 68
\BOOKMARK [1][-]{appendix.C}{\376\377\000T\000e\000c\000h\000F\000U\000L\060\147\145\131\147\120\060\222\210\150\171\072\060\127\060\137\130\064\124\010\060\156\117\213}{}% 69
\BOOKMARK [2][-]{subsection.C.1}{\376\377\060\273\060\257\060\267\060\347\060\363\060\222\122\051\165\050\060\127\060\137\226\233\060\156\060\244\060\341\060\374\060\270}{appendix.C}% 70
\BOOKMARK [2][-]{subsection.C.2}{\376\377\145\131\147\120\060\150\125\117\230\114\060\156\060\244\060\341\060\374\060\270}{appendix.C}% 71
\BOOKMARK [2][-]{subsection.C.3}{\376\377\060\263\060\374\060\311\060\306\060\271\060\310\060\222\210\114\060\143\060\137\146\102\060\156\060\244\060\341\060\374\060\270}{appendix.C}% 72
\BOOKMARK [2][-]{subsection.C.4}{\376\377\153\143\212\244\122\044\133\232\060\222\210\114\060\143\060\137\226\233\060\156\060\244\060\341\060\374\060\270}{appendix.C}% 73
